2012/12/26 16:02:48 [error] [exception.CException] exception 'CException' with message 'SiteController and its behaviors do not have a method or closure named "createMultilanguageReturnUrl".' in /Users/yev/programs/yii/framework/base/CComponent.php:266
Stack trace:
#0 /Users/yev/Sites/test/protected/components/widgets/views/languageSelector.php(18): CComponent->__call('createMultilang...', Array)
#1 /Users/yev/Sites/test/protected/components/widgets/views/languageSelector.php(18): SiteController->createMultilanguageReturnUrl('tr')
#2 /Users/yev/programs/yii/framework/web/CBaseController.php(131): require('/Users/yev/Site...')
#3 /Users/yev/programs/yii/framework/web/CBaseController.php(96): CBaseController->renderInternal('/Users/yev/Site...', Array, false)
#4 /Users/yev/programs/yii/framework/web/widgets/CWidget.php(244): CBaseController->renderFile('/Users/yev/Site...', Array, false)
#5 /Users/yev/Sites/test/protected/components/widgets/LanguageSelector.php(8): CWidget->render('languageSelecto...', Array)
#6 /Users/yev/programs/yii/framework/web/CBaseController.php(174): LanguageSelector->run()
#7 /Users/yev/Sites/test/protected/views/layouts/main.php(30): CBaseController->widget('application.com...')
#8 /Users/yev/programs/yii/framework/web/CBaseController.php(127): require('/Users/yev/Site...')
#9 /Users/yev/programs/yii/framework/web/CBaseController.php(96): CBaseController->renderInternal('/Users/yev/Site...', Array, true)
#10 /Users/yev/programs/yii/framework/web/widgets/CContentDecorator.php(77): CBaseController->renderFile('/Users/yev/Site...', Array, true)
#11 /Users/yev/programs/yii/framework/web/widgets/CContentDecorator.php(55): CContentDecorator->decorate('<div id="conten...')
#12 /Users/yev/programs/yii/framework/web/widgets/COutputProcessor.php(45): CContentDecorator->processOutput('<div id="conten...')
#13 /Users/yev/programs/yii/framework/web/CBaseController.php(207): COutputProcessor->run()
#14 /Users/yev/programs/yii/framework/web/CBaseController.php(301): CBaseController->endWidget('CContentDecorat...')
#15 /Users/yev/Sites/test/protected/views/layouts/column1.php(6): CBaseController->endContent()
#16 /Users/yev/programs/yii/framework/web/CBaseController.php(127): require('/Users/yev/Site...')
#17 /Users/yev/programs/yii/framework/web/CBaseController.php(96): CBaseController->renderInternal('/Users/yev/Site...', Array, true)
#18 /Users/yev/programs/yii/framework/web/CController.php(785): CBaseController->renderFile('/Users/yev/Site...', Array, true)
#19 /Users/yev/Sites/test/protected/controllers/SiteController.php(32): CController->render('index')
#20 /Users/yev/programs/yii/framework/web/actions/CInlineAction.php(50): SiteController->actionIndex()
#21 /Users/yev/programs/yii/framework/web/CController.php(309): CInlineAction->runWithParams(Array)
#22 /Users/yev/programs/yii/framework/web/CController.php(287): CController->runAction(Object(CInlineAction))
#23 /Users/yev/programs/yii/framework/web/CController.php(266): CController->runActionWithFilters(Object(CInlineAction), Array)
#24 /Users/yev/programs/yii/framework/web/CWebApplication.php(283): CController->run('')
#25 /Users/yev/programs/yii/framework/web/CWebApplication.php(142): CWebApplication->runController('')
#26 /Users/yev/programs/yii/framework/base/CApplication.php(162): CWebApplication->processRequest()
#27 /Users/yev/Sites/test/index.php(13): CApplication->run()
#28 {main}
REQUEST_URI=/~yev/test/index.php?
---
2012/12/26 16:09:51 [error] [exception.CException] exception 'CException' with message 'SiteController and its behaviors do not have a method or closure named "createMultilanguageReturnUrl".' in /Users/yev/programs/yii/framework/base/CComponent.php:266
Stack trace:
#0 /Users/yev/Sites/test/protected/components/widgets/views/languageSelector.php(18): CComponent->__call('createMultilang...', Array)
#1 /Users/yev/Sites/test/protected/components/widgets/views/languageSelector.php(18): SiteController->createMultilanguageReturnUrl('tr')
#2 /Users/yev/programs/yii/framework/web/CBaseController.php(131): require('/Users/yev/Site...')
#3 /Users/yev/programs/yii/framework/web/CBaseController.php(96): CBaseController->renderInternal('/Users/yev/Site...', Array, false)
#4 /Users/yev/programs/yii/framework/web/widgets/CWidget.php(244): CBaseController->renderFile('/Users/yev/Site...', Array, false)
#5 /Users/yev/Sites/test/protected/components/widgets/LanguageSelector.php(8): CWidget->render('languageSelecto...', Array)
#6 /Users/yev/programs/yii/framework/web/CBaseController.php(174): LanguageSelector->run()
#7 /Users/yev/Sites/test/protected/views/layouts/main.php(29): CBaseController->widget('application.com...')
#8 /Users/yev/programs/yii/framework/web/CBaseController.php(127): require('/Users/yev/Site...')
#9 /Users/yev/programs/yii/framework/web/CBaseController.php(96): CBaseController->renderInternal('/Users/yev/Site...', Array, true)
#10 /Users/yev/programs/yii/framework/web/widgets/CContentDecorator.php(77): CBaseController->renderFile('/Users/yev/Site...', Array, true)
#11 /Users/yev/programs/yii/framework/web/widgets/CContentDecorator.php(55): CContentDecorator->decorate('<div id="conten...')
#12 /Users/yev/programs/yii/framework/web/widgets/COutputProcessor.php(45): CContentDecorator->processOutput('<div id="conten...')
#13 /Users/yev/programs/yii/framework/web/CBaseController.php(207): COutputProcessor->run()
#14 /Users/yev/programs/yii/framework/web/CBaseController.php(301): CBaseController->endWidget('CContentDecorat...')
#15 /Users/yev/Sites/test/protected/views/layouts/column1.php(6): CBaseController->endContent()
#16 /Users/yev/programs/yii/framework/web/CBaseController.php(127): require('/Users/yev/Site...')
#17 /Users/yev/programs/yii/framework/web/CBaseController.php(96): CBaseController->renderInternal('/Users/yev/Site...', Array, true)
#18 /Users/yev/programs/yii/framework/web/CController.php(785): CBaseController->renderFile('/Users/yev/Site...', Array, true)
#19 /Users/yev/Sites/test/protected/controllers/SiteController.php(32): CController->render('index')
#20 /Users/yev/programs/yii/framework/web/actions/CInlineAction.php(50): SiteController->actionIndex()
#21 /Users/yev/programs/yii/framework/web/CController.php(309): CInlineAction->runWithParams(Array)
#22 /Users/yev/programs/yii/framework/web/CController.php(287): CController->runAction(Object(CInlineAction))
#23 /Users/yev/programs/yii/framework/web/CController.php(266): CController->runActionWithFilters(Object(CInlineAction), Array)
#24 /Users/yev/programs/yii/framework/web/CWebApplication.php(283): CController->run('')
#25 /Users/yev/programs/yii/framework/web/CWebApplication.php(142): CWebApplication->runController('')
#26 /Users/yev/programs/yii/framework/base/CApplication.php(162): CWebApplication->processRequest()
#27 /Users/yev/Sites/test/index.php(13): CApplication->run()
#28 {main}
REQUEST_URI=/~yev/test/index.php?
---
2012/12/26 16:11:13 [error] [exception.CException] exception 'CException' with message 'SiteController and its behaviors do not have a method or closure named "createMultilanguageReturnUrl".' in /Users/yev/programs/yii/framework/base/CComponent.php:266
Stack trace:
#0 /Users/yev/Sites/test/protected/components/widgets/views/languageSelector.php(18): CComponent->__call('createMultilang...', Array)
#1 /Users/yev/Sites/test/protected/components/widgets/views/languageSelector.php(18): SiteController->createMultilanguageReturnUrl('tr')
#2 /Users/yev/programs/yii/framework/web/CBaseController.php(131): require('/Users/yev/Site...')
#3 /Users/yev/programs/yii/framework/web/CBaseController.php(96): CBaseController->renderInternal('/Users/yev/Site...', Array, false)
#4 /Users/yev/programs/yii/framework/web/widgets/CWidget.php(244): CBaseController->renderFile('/Users/yev/Site...', Array, false)
#5 /Users/yev/Sites/test/protected/components/widgets/LanguageSelector.php(8): CWidget->render('languageSelecto...', Array)
#6 /Users/yev/programs/yii/framework/web/CBaseController.php(174): LanguageSelector->run()
#7 /Users/yev/Sites/test/protected/views/layouts/main.php(29): CBaseController->widget('application.com...')
#8 /Users/yev/programs/yii/framework/web/CBaseController.php(127): require('/Users/yev/Site...')
#9 /Users/yev/programs/yii/framework/web/CBaseController.php(96): CBaseController->renderInternal('/Users/yev/Site...', Array, true)
#10 /Users/yev/programs/yii/framework/web/widgets/CContentDecorator.php(77): CBaseController->renderFile('/Users/yev/Site...', Array, true)
#11 /Users/yev/programs/yii/framework/web/widgets/CContentDecorator.php(55): CContentDecorator->decorate('<div id="conten...')
#12 /Users/yev/programs/yii/framework/web/widgets/COutputProcessor.php(45): CContentDecorator->processOutput('<div id="conten...')
#13 /Users/yev/programs/yii/framework/web/CBaseController.php(207): COutputProcessor->run()
#14 /Users/yev/programs/yii/framework/web/CBaseController.php(301): CBaseController->endWidget('CContentDecorat...')
#15 /Users/yev/Sites/test/protected/views/layouts/column1.php(6): CBaseController->endContent()
#16 /Users/yev/programs/yii/framework/web/CBaseController.php(127): require('/Users/yev/Site...')
#17 /Users/yev/programs/yii/framework/web/CBaseController.php(96): CBaseController->renderInternal('/Users/yev/Site...', Array, true)
#18 /Users/yev/programs/yii/framework/web/CController.php(785): CBaseController->renderFile('/Users/yev/Site...', Array, true)
#19 /Users/yev/Sites/test/protected/controllers/SiteController.php(32): CController->render('index')
#20 /Users/yev/programs/yii/framework/web/actions/CInlineAction.php(50): SiteController->actionIndex()
#21 /Users/yev/programs/yii/framework/web/CController.php(309): CInlineAction->runWithParams(Array)
#22 /Users/yev/programs/yii/framework/web/CController.php(287): CController->runAction(Object(CInlineAction))
#23 /Users/yev/programs/yii/framework/web/CController.php(266): CController->runActionWithFilters(Object(CInlineAction), Array)
#24 /Users/yev/programs/yii/framework/web/CWebApplication.php(283): CController->run('')
#25 /Users/yev/programs/yii/framework/web/CWebApplication.php(142): CWebApplication->runController('')
#26 /Users/yev/programs/yii/framework/base/CApplication.php(162): CWebApplication->processRequest()
#27 /Users/yev/Sites/test/index.php(13): CApplication->run()
#28 {main}
REQUEST_URI=/~yev/test/index.php?
---
2012/12/26 16:33:01 [error] [exception.CException] exception 'CException' with message 'SiteController and its behaviors do not have a method or closure named "createMultilanguageReturnUrl".' in /Users/yev/programs/yii/framework/base/CComponent.php:266
Stack trace:
#0 /Users/yev/Sites/test/protected/components/widgets/views/languageSelector.php(18): CComponent->__call('createMultilang...', Array)
#1 /Users/yev/Sites/test/protected/components/widgets/views/languageSelector.php(18): SiteController->createMultilanguageReturnUrl('tr')
#2 /Users/yev/programs/yii/framework/web/CBaseController.php(131): require('/Users/yev/Site...')
#3 /Users/yev/programs/yii/framework/web/CBaseController.php(96): CBaseController->renderInternal('/Users/yev/Site...', Array, false)
#4 /Users/yev/programs/yii/framework/web/widgets/CWidget.php(244): CBaseController->renderFile('/Users/yev/Site...', Array, false)
#5 /Users/yev/Sites/test/protected/components/widgets/LanguageSelector.php(8): CWidget->render('languageSelecto...', Array)
#6 /Users/yev/programs/yii/framework/web/CBaseController.php(174): LanguageSelector->run()
#7 /Users/yev/Sites/test/protected/views/layouts/main.php(29): CBaseController->widget('application.com...')
#8 /Users/yev/programs/yii/framework/web/CBaseController.php(127): require('/Users/yev/Site...')
#9 /Users/yev/programs/yii/framework/web/CBaseController.php(96): CBaseController->renderInternal('/Users/yev/Site...', Array, true)
#10 /Users/yev/programs/yii/framework/web/widgets/CContentDecorator.php(77): CBaseController->renderFile('/Users/yev/Site...', Array, true)
#11 /Users/yev/programs/yii/framework/web/widgets/CContentDecorator.php(55): CContentDecorator->decorate('<div id="conten...')
#12 /Users/yev/programs/yii/framework/web/widgets/COutputProcessor.php(45): CContentDecorator->processOutput('<div id="conten...')
#13 /Users/yev/programs/yii/framework/web/CBaseController.php(207): COutputProcessor->run()
#14 /Users/yev/programs/yii/framework/web/CBaseController.php(301): CBaseController->endWidget('CContentDecorat...')
#15 /Users/yev/Sites/test/protected/views/layouts/column1.php(6): CBaseController->endContent()
#16 /Users/yev/programs/yii/framework/web/CBaseController.php(127): require('/Users/yev/Site...')
#17 /Users/yev/programs/yii/framework/web/CBaseController.php(96): CBaseController->renderInternal('/Users/yev/Site...', Array, true)
#18 /Users/yev/programs/yii/framework/web/CController.php(785): CBaseController->renderFile('/Users/yev/Site...', Array, true)
#19 /Users/yev/Sites/test/protected/controllers/SiteController.php(32): CController->render('index')
#20 /Users/yev/programs/yii/framework/web/actions/CInlineAction.php(50): SiteController->actionIndex()
#21 /Users/yev/programs/yii/framework/web/CController.php(309): CInlineAction->runWithParams(Array)
#22 /Users/yev/programs/yii/framework/web/CController.php(287): CController->runAction(Object(CInlineAction))
#23 /Users/yev/programs/yii/framework/web/CController.php(266): CController->runActionWithFilters(Object(CInlineAction), Array)
#24 /Users/yev/programs/yii/framework/web/CWebApplication.php(283): CController->run('')
#25 /Users/yev/programs/yii/framework/web/CWebApplication.php(142): CWebApplication->runController('')
#26 /Users/yev/programs/yii/framework/base/CApplication.php(162): CWebApplication->processRequest()
#27 /Users/yev/Sites/test/index.php(13): CApplication->run()
#28 {main}
REQUEST_URI=/~yev/test/index.php?
---
2012/12/27 15:13:08 [error] [php] Undefined variable: app (/Users/yev/Sites/test/protected/views/layouts/main.php:3)
Stack trace:
#0 /Users/yev/programs/yii/framework/web/widgets/CContentDecorator.php(77): SiteController->renderFile()
#1 /Users/yev/programs/yii/framework/web/widgets/CContentDecorator.php(55): CContentDecorator->decorate()
#2 /Users/yev/programs/yii/framework/web/widgets/COutputProcessor.php(45): CContentDecorator->processOutput()
#3 /Users/yev/programs/yii/framework/web/CBaseController.php(207): CContentDecorator->run()
#4 /Users/yev/programs/yii/framework/web/CBaseController.php(301): SiteController->endWidget()
#5 /Users/yev/Sites/test/protected/views/layouts/column1.php(6): SiteController->endContent()
#6 /Users/yev/programs/yii/framework/web/CBaseController.php(127): require()
#7 /Users/yev/programs/yii/framework/web/CBaseController.php(96): SiteController->renderInternal()
#8 /Users/yev/programs/yii/framework/web/CController.php(785): SiteController->renderFile()
#9 /Users/yev/Sites/test/protected/controllers/SiteController.php(32): SiteController->render()
#10 /Users/yev/programs/yii/framework/web/actions/CInlineAction.php(50): SiteController->actionIndex()
#11 /Users/yev/programs/yii/framework/web/CController.php(309): CInlineAction->runWithParams()
#12 /Users/yev/programs/yii/framework/web/CController.php(287): SiteController->runAction()
#13 /Users/yev/programs/yii/framework/web/CController.php(266): SiteController->runActionWithFilters()
#14 /Users/yev/programs/yii/framework/web/CWebApplication.php(283): SiteController->run()
#15 /Users/yev/programs/yii/framework/web/CWebApplication.php(142): CWebApplication->runController()
#16 /Users/yev/programs/yii/framework/base/CApplication.php(162): CWebApplication->processRequest()
#17 /Users/yev/Sites/test/index.php(13): CWebApplication->run()
REQUEST_URI=/~yev/test/index.php
in /Users/yev/Sites/test/protected/views/layouts/main.php (3)
in /Users/yev/Sites/test/protected/views/layouts/column1.php (6)
in /Users/yev/Sites/test/protected/controllers/SiteController.php (32)
2013/01/09 17:21:13 [error] [system.db.CDbCommand] CDbCommand::fetchAll() failed: SQLSTATE[42S02]: Base table or view not found: 1146 Table 'yii.user' doesn't exist. The SQL statement executed was: SHOW COLUMNS FROM `User`.
in /Users/yev/Sites/test/index.php (13)
2013/01/09 17:57:04 [error] [exception.CDbException] exception 'CDbException' with message 'Table "Users" does not have a column named "username".' in /Users/yev/programs/yii/framework/db/schema/CDbCommandBuilder.php:570
Stack trace:
#0 /Users/yev/programs/yii/framework/db/ar/CActiveRecord.php(1458): CDbCommandBuilder->createColumnCriteria(Object(CMysqlTableSchema), Array, '', Array, '`t`.')
#1 /Users/yev/Sites/test/protected/components/UserIdentity.php(21): CActiveRecord->findByAttributes(Array)
#2 /Users/yev/Sites/test/protected/models/LoginForm.php(52): UserIdentity->authenticate()
#3 /Users/yev/programs/yii/framework/validators/CInlineValidator.php(43): LoginForm->authenticate('password', Array)
#4 /Users/yev/programs/yii/framework/validators/CValidator.php(214): CInlineValidator->validateAttribute(Object(LoginForm), 'password')
#5 /Users/yev/programs/yii/framework/base/CModel.php(158): CValidator->validate(Object(LoginForm), NULL)
#6 /Users/yev/Sites/test/protected/controllers/SiteController.php(94): CModel->validate()
#7 /Users/yev/programs/yii/framework/web/actions/CInlineAction.php(50): SiteController->actionLogin()
#8 /Users/yev/programs/yii/framework/web/CController.php(309): CInlineAction->runWithParams(Array)
#9 /Users/yev/programs/yii/framework/web/CController.php(287): CController->runAction(Object(CInlineAction))
#10 /Users/yev/programs/yii/framework/web/CController.php(266): CController->runActionWithFilters(Object(CInlineAction), Array)
#11 /Users/yev/programs/yii/framework/web/CWebApplication.php(283): CController->run('login')
#12 /Users/yev/programs/yii/framework/web/CWebApplication.php(142): CWebApplication->runController('site/login')
#13 /Users/yev/programs/yii/framework/base/CApplication.php(162): CWebApplication->processRequest()
#14 /Users/yev/Sites/test/index.php(13): CApplication->run()
#15 {main}
REQUEST_URI=/~yev/test/index.php?r=site/login
HTTP_REFERER=http://localhost/~yev/test/index.php?r=site/login
---
2013/01/09 17:58:44 [error] [php] Use of undefined constant user_pass - assumed 'user_pass' (/Users/yev/Sites/test/protected/models/User.php:30)
Stack trace:
#0 /Users/yev/Sites/test/protected/controllers/UserController.php(73): User->save()
#1 /Users/yev/programs/yii/framework/web/actions/CInlineAction.php(50): UserController->actionCreate()
#2 /Users/yev/programs/yii/framework/web/CController.php(309): CInlineAction->runWithParams()
#3 /Users/yev/programs/yii/framework/web/filters/CFilterChain.php(134): UserController->runAction()
#4 /Users/yev/programs/yii/framework/web/filters/CFilter.php(41): CFilterChain->run()
#5 /Users/yev/programs/yii/framework/web/CController.php(1146): CAccessControlFilter->filter()
#6 /Users/yev/programs/yii/framework/web/filters/CInlineFilter.php(59): UserController->filterAccessControl()
#7 /Users/yev/programs/yii/framework/web/filters/CFilterChain.php(131): CInlineFilter->filter()
#8 /Users/yev/programs/yii/framework/web/CController.php(292): CFilterChain->run()
#9 /Users/yev/programs/yii/framework/web/CController.php(266): UserController->runActionWithFilters()
#10 /Users/yev/programs/yii/framework/web/CWebApplication.php(283): UserController->run()
#11 /Users/yev/programs/yii/framework/web/CWebApplication.php(142): CWebApplication->runController()
#12 /Users/yev/programs/yii/framework/base/CApplication.php(162): CWebApplication->processRequest()
#13 /Users/yev/Sites/test/index.php(13): CWebApplication->run()
REQUEST_URI=/~yev/test/index.php?r=user/create
in /Users/yev/Sites/test/protected/models/User.php (30)
in /Users/yev/Sites/test/protected/controllers/UserController.php (73)
in /Users/yev/Sites/test/index.php (13)
2013/01/09 17:59:14 [error] [php] Use of undefined constant user_pass - assumed 'user_pass' (/Users/yev/Sites/test/protected/models/User.php:30)
Stack trace:
#0 /Users/yev/Sites/test/protected/controllers/UserController.php(73): User->save()
#1 /Users/yev/programs/yii/framework/web/actions/CInlineAction.php(50): UserController->actionCreate()
#2 /Users/yev/programs/yii/framework/web/CController.php(309): CInlineAction->runWithParams()
#3 /Users/yev/programs/yii/framework/web/filters/CFilterChain.php(134): UserController->runAction()
#4 /Users/yev/programs/yii/framework/web/filters/CFilter.php(41): CFilterChain->run()
#5 /Users/yev/programs/yii/framework/web/CController.php(1146): CAccessControlFilter->filter()
#6 /Users/yev/programs/yii/framework/web/filters/CInlineFilter.php(59): UserController->filterAccessControl()
#7 /Users/yev/programs/yii/framework/web/filters/CFilterChain.php(131): CInlineFilter->filter()
#8 /Users/yev/programs/yii/framework/web/CController.php(292): CFilterChain->run()
#9 /Users/yev/programs/yii/framework/web/CController.php(266): UserController->runActionWithFilters()
#10 /Users/yev/programs/yii/framework/web/CWebApplication.php(283): UserController->run()
#11 /Users/yev/programs/yii/framework/web/CWebApplication.php(142): CWebApplication->runController()
#12 /Users/yev/programs/yii/framework/base/CApplication.php(162): CWebApplication->processRequest()
#13 /Users/yev/Sites/test/index.php(13): CWebApplication->run()
REQUEST_URI=/~yev/test/index.php?r=user/create
in /Users/yev/Sites/test/protected/models/User.php (30)
in /Users/yev/Sites/test/protected/controllers/UserController.php (73)
in /Users/yev/Sites/test/index.php (13)
2013/01/09 18:00:21 [error] [system.db.CDbCommand] CDbCommand::execute() failed: SQLSTATE[23000]: Integrity constraint violation: 1062 Duplicate entry 'yev' for key 'PRIMARY'. The SQL statement executed was: INSERT INTO `Users` (`user_name`, `user_pass`, `user_salt`) VALUES (:yp0, :yp1, :yp2).
in /Users/yev/Sites/test/protected/controllers/UserController.php (73)
in /Users/yev/Sites/test/index.php (13)
2013/01/09 18:00:21 [error] [exception.CDbException] exception 'CDbException' with message 'CDbCommand failed to execute the SQL statement: SQLSTATE[23000]: Integrity constraint violation: 1062 Duplicate entry 'yev' for key 'PRIMARY'. The SQL statement executed was: INSERT INTO `Users` (`user_name`, `user_pass`, `user_salt`) VALUES (:yp0, :yp1, :yp2)' in /Users/yev/programs/yii/framework/db/CDbCommand.php:354
Stack trace:
#0 /Users/yev/programs/yii/framework/db/ar/CActiveRecord.php(1017): CDbCommand->execute()
#1 /Users/yev/programs/yii/framework/db/ar/CActiveRecord.php(796): CActiveRecord->insert(NULL)
#2 /Users/yev/Sites/test/protected/controllers/UserController.php(73): CActiveRecord->save()
#3 /Users/yev/programs/yii/framework/web/actions/CInlineAction.php(50): UserController->actionCreate()
#4 /Users/yev/programs/yii/framework/web/CController.php(309): CInlineAction->runWithParams(Array)
#5 /Users/yev/programs/yii/framework/web/filters/CFilterChain.php(134): CController->runAction(Object(CInlineAction))
#6 /Users/yev/programs/yii/framework/web/filters/CFilter.php(41): CFilterChain->run()
#7 /Users/yev/programs/yii/framework/web/CController.php(1146): CFilter->filter(Object(CFilterChain))
#8 /Users/yev/programs/yii/framework/web/filters/CInlineFilter.php(59): CController->filterAccessControl(Object(CFilterChain))
#9 /Users/yev/programs/yii/framework/web/filters/CFilterChain.php(131): CInlineFilter->filter(Object(CFilterChain))
#10 /Users/yev/programs/yii/framework/web/CController.php(292): CFilterChain->run()
#11 /Users/yev/programs/yii/framework/web/CController.php(266): CController->runActionWithFilters(Object(CInlineAction), Array)
#12 /Users/yev/programs/yii/framework/web/CWebApplication.php(283): CController->run('create')
#13 /Users/yev/programs/yii/framework/web/CWebApplication.php(142): CWebApplication->runController('user/create')
#14 /Users/yev/programs/yii/framework/base/CApplication.php(162): CWebApplication->processRequest()
#15 /Users/yev/Sites/test/index.php(13): CApplication->run()
#16 {main}
REQUEST_URI=/~yev/test/index.php?r=user/create
HTTP_REFERER=http://localhost/~yev/test/index.php?r=user/create
---
2013/01/09 18:02:11 [error] [exception.CException] exception 'CException' with message 'Property "User.id" is not defined.' in /Users/yev/programs/yii/framework/base/CComponent.php:131
Stack trace:
#0 /Users/yev/programs/yii/framework/db/ar/CActiveRecord.php(144): CComponent->__get('id')
#1 /Users/yev/Sites/test/protected/components/UserIdentity.php(28): CActiveRecord->__get('id')
#2 /Users/yev/Sites/test/protected/models/LoginForm.php(52): UserIdentity->authenticate()
#3 /Users/yev/programs/yii/framework/validators/CInlineValidator.php(43): LoginForm->authenticate('password', Array)
#4 /Users/yev/programs/yii/framework/validators/CValidator.php(214): CInlineValidator->validateAttribute(Object(LoginForm), 'password')
#5 /Users/yev/programs/yii/framework/base/CModel.php(158): CValidator->validate(Object(LoginForm), NULL)
#6 /Users/yev/Sites/test/protected/controllers/SiteController.php(94): CModel->validate()
#7 /Users/yev/programs/yii/framework/web/actions/CInlineAction.php(50): SiteController->actionLogin()
#8 /Users/yev/programs/yii/framework/web/CController.php(309): CInlineAction->runWithParams(Array)
#9 /Users/yev/programs/yii/framework/web/CController.php(287): CController->runAction(Object(CInlineAction))
#10 /Users/yev/programs/yii/framework/web/CController.php(266): CController->runActionWithFilters(Object(CInlineAction), Array)
#11 /Users/yev/programs/yii/framework/web/CWebApplication.php(283): CController->run('login')
#12 /Users/yev/programs/yii/framework/web/CWebApplication.php(142): CWebApplication->runController('site/login')
#13 /Users/yev/programs/yii/framework/base/CApplication.php(162): CWebApplication->processRequest()
#14 /Users/yev/Sites/test/index.php(13): CApplication->run()
#15 {main}
REQUEST_URI=/~yev/test/index.php?r=site/login
HTTP_REFERER=http://localhost/~yev/test/index.php?r=site/login
---
2013/01/09 18:03:13 [error] [exception.CException] exception 'CException' with message 'Property "UserIdentity._id" is not defined.' in /Users/yev/programs/yii/framework/base/CComponent.php:174
Stack trace:
#0 /Users/yev/Sites/test/protected/components/UserIdentity.php(28): CComponent->__set('_id', 'yev')
#1 /Users/yev/Sites/test/protected/models/LoginForm.php(52): UserIdentity->authenticate()
#2 /Users/yev/programs/yii/framework/validators/CInlineValidator.php(43): LoginForm->authenticate('password', Array)
#3 /Users/yev/programs/yii/framework/validators/CValidator.php(214): CInlineValidator->validateAttribute(Object(LoginForm), 'password')
#4 /Users/yev/programs/yii/framework/base/CModel.php(158): CValidator->validate(Object(LoginForm), NULL)
#5 /Users/yev/Sites/test/protected/controllers/SiteController.php(94): CModel->validate()
#6 /Users/yev/programs/yii/framework/web/actions/CInlineAction.php(50): SiteController->actionLogin()
#7 /Users/yev/programs/yii/framework/web/CController.php(309): CInlineAction->runWithParams(Array)
#8 /Users/yev/programs/yii/framework/web/CController.php(287): CController->runAction(Object(CInlineAction))
#9 /Users/yev/programs/yii/framework/web/CController.php(266): CController->runActionWithFilters(Object(CInlineAction), Array)
#10 /Users/yev/programs/yii/framework/web/CWebApplication.php(283): CController->run('login')
#11 /Users/yev/programs/yii/framework/web/CWebApplication.php(142): CWebApplication->runController('site/login')
#12 /Users/yev/programs/yii/framework/base/CApplication.php(162): CWebApplication->processRequest()
#13 /Users/yev/Sites/test/index.php(13): CApplication->run()
#14 {main}
REQUEST_URI=/~yev/test/index.php?r=site/login
HTTP_REFERER=http://localhost/~yev/test/index.php?r=site/login
---
2013/01/09 18:04:12 [error] [exception.CException] exception 'CException' with message 'Property "UserIdentity.user_name" is not defined.' in /Users/yev/programs/yii/framework/base/CComponent.php:174
Stack trace:
#0 /Users/yev/Sites/test/protected/components/UserIdentity.php(28): CComponent->__set('user_name', 'yev')
#1 /Users/yev/Sites/test/protected/models/LoginForm.php(52): UserIdentity->authenticate()
#2 /Users/yev/programs/yii/framework/validators/CInlineValidator.php(43): LoginForm->authenticate('password', Array)
#3 /Users/yev/programs/yii/framework/validators/CValidator.php(214): CInlineValidator->validateAttribute(Object(LoginForm), 'password')
#4 /Users/yev/programs/yii/framework/base/CModel.php(158): CValidator->validate(Object(LoginForm), NULL)
#5 /Users/yev/Sites/test/protected/controllers/SiteController.php(94): CModel->validate()
#6 /Users/yev/programs/yii/framework/web/actions/CInlineAction.php(50): SiteController->actionLogin()
#7 /Users/yev/programs/yii/framework/web/CController.php(309): CInlineAction->runWithParams(Array)
#8 /Users/yev/programs/yii/framework/web/CController.php(287): CController->runAction(Object(CInlineAction))
#9 /Users/yev/programs/yii/framework/web/CController.php(266): CController->runActionWithFilters(Object(CInlineAction), Array)
#10 /Users/yev/programs/yii/framework/web/CWebApplication.php(283): CController->run('login')
#11 /Users/yev/programs/yii/framework/web/CWebApplication.php(142): CWebApplication->runController('site/login')
#12 /Users/yev/programs/yii/framework/base/CApplication.php(162): CWebApplication->processRequest()
#13 /Users/yev/Sites/test/index.php(13): CApplication->run()
#14 {main}
REQUEST_URI=/~yev/test/index.php?r=site/login
HTTP_REFERER=http://localhost/~yev/test/index.php?r=site/login
---
2013/01/10 10:43:35 [error] [exception.CHttpException.403] exception 'CHttpException' with message 'You are not authorized to perform this action.' in /Users/yev/programs/yii/framework/web/auth/CAccessControlFilter.php:170
Stack trace:
#0 /Users/yev/programs/yii/framework/web/auth/CAccessControlFilter.php(133): CAccessControlFilter->accessDenied(Object(CWebUser), 'You are not aut...')
#1 /Users/yev/programs/yii/framework/web/filters/CFilter.php(39): CAccessControlFilter->preFilter(Object(CFilterChain))
#2 /Users/yev/programs/yii/framework/web/CController.php(1146): CFilter->filter(Object(CFilterChain))
#3 /Users/yev/programs/yii/framework/web/filters/CInlineFilter.php(59): CController->filterAccessControl(Object(CFilterChain))
#4 /Users/yev/programs/yii/framework/web/filters/CFilterChain.php(131): CInlineFilter->filter(Object(CFilterChain))
#5 /Users/yev/programs/yii/framework/web/CController.php(292): CFilterChain->run()
#6 /Users/yev/programs/yii/framework/web/CController.php(266): CController->runActionWithFilters(Object(CInlineAction), Array)
#7 /Users/yev/programs/yii/framework/web/CWebApplication.php(283): CController->run('admin')
#8 /Users/yev/programs/yii/framework/web/CWebApplication.php(142): CWebApplication->runController('user/admin')
#9 /Users/yev/programs/yii/framework/base/CApplication.php(162): CWebApplication->processRequest()
#10 /Users/yev/Sites/test/index.php(13): CApplication->run()
#11 {main}
REQUEST_URI=/~yev/test/index.php?r=user/admin
HTTP_REFERER=http://localhost/~yev/test/index.php?r=user/update&id=yev
---
2013/01/10 10:45:21 [error] [exception.CHttpException.403] exception 'CHttpException' with message 'You are not authorized to perform this action.' in /Users/yev/programs/yii/framework/web/auth/CAccessControlFilter.php:170
Stack trace:
#0 /Users/yev/programs/yii/framework/web/auth/CAccessControlFilter.php(133): CAccessControlFilter->accessDenied(Object(CWebUser), 'You are not aut...')
#1 /Users/yev/programs/yii/framework/web/filters/CFilter.php(39): CAccessControlFilter->preFilter(Object(CFilterChain))
#2 /Users/yev/programs/yii/framework/web/CController.php(1146): CFilter->filter(Object(CFilterChain))
#3 /Users/yev/programs/yii/framework/web/filters/CInlineFilter.php(59): CController->filterAccessControl(Object(CFilterChain))
#4 /Users/yev/programs/yii/framework/web/filters/CFilterChain.php(131): CInlineFilter->filter(Object(CFilterChain))
#5 /Users/yev/programs/yii/framework/web/CController.php(292): CFilterChain->run()
#6 /Users/yev/programs/yii/framework/web/CController.php(266): CController->runActionWithFilters(Object(CInlineAction), Array)
#7 /Users/yev/programs/yii/framework/web/CWebApplication.php(283): CController->run('admin')
#8 /Users/yev/programs/yii/framework/web/CWebApplication.php(142): CWebApplication->runController('user/admin')
#9 /Users/yev/programs/yii/framework/base/CApplication.php(162): CWebApplication->processRequest()
#10 /Users/yev/Sites/test/index.php(13): CApplication->run()
#11 {main}
REQUEST_URI=/~yev/test/index.php?r=user/admin
HTTP_REFERER=http://localhost/~yev/test/index.php?r=user/index
---
2013/01/10 14:32:00 [error] [exception.CException] exception 'CException' with message 'Не определено свойство "CWebUser.title".' in /Users/yev/programs/yii/framework/base/CComponent.php:131
Stack trace:
#0 /Users/yev/programs/yii/framework/web/auth/CWebUser.php(141): CComponent->__get('title')
#1 /Users/yev/Sites/test/protected/views/site/index.php(11): CWebUser->__get('title')
#2 /Users/yev/programs/yii/framework/web/CBaseController.php(127): require('/Users/yev/Site...')
#3 /Users/yev/programs/yii/framework/web/CBaseController.php(96): CBaseController->renderInternal('/Users/yev/Site...', NULL, true)
#4 /Users/yev/programs/yii/framework/web/CController.php(870): CBaseController->renderFile('/Users/yev/Site...', NULL, true)
#5 /Users/yev/programs/yii/framework/web/CController.php(783): CController->renderPartial('index', NULL, true)
#6 /Users/yev/Sites/test/protected/controllers/SiteController.php(32): CController->render('index')
#7 /Users/yev/programs/yii/framework/web/actions/CInlineAction.php(50): SiteController->actionIndex()
#8 /Users/yev/programs/yii/framework/web/CController.php(309): CInlineAction->runWithParams(Array)
#9 /Users/yev/programs/yii/framework/web/CController.php(287): CController->runAction(Object(CInlineAction))
#10 /Users/yev/programs/yii/framework/web/CController.php(266): CController->runActionWithFilters(Object(CInlineAction), Array)
#11 /Users/yev/programs/yii/framework/web/CWebApplication.php(283): CController->run('')
#12 /Users/yev/programs/yii/framework/web/CWebApplication.php(142): CWebApplication->runController('')
#13 /Users/yev/programs/yii/framework/base/CApplication.php(162): CWebApplication->processRequest()
#14 /Users/yev/Sites/test/index.php(13): CApplication->run()
#15 {main}
REQUEST_URI=/~yev/test/index.php
HTTP_REFERER=http://localhost/~yev/test/index.php?r=site/index
---
2013/01/10 14:35:45 [error] [exception.CException] exception 'CException' with message 'Не определено свойство "CWebUser.title".' in /Users/yev/programs/yii/framework/base/CComponent.php:131
Stack trace:
#0 /Users/yev/programs/yii/framework/web/auth/CWebUser.php(141): CComponent->__get('title')
#1 /Users/yev/Sites/test/protected/views/site/index.php(14): CWebUser->__get('title')
#2 /Users/yev/programs/yii/framework/web/CBaseController.php(127): require('/Users/yev/Site...')
#3 /Users/yev/programs/yii/framework/web/CBaseController.php(96): CBaseController->renderInternal('/Users/yev/Site...', NULL, true)
#4 /Users/yev/programs/yii/framework/web/CController.php(870): CBaseController->renderFile('/Users/yev/Site...', NULL, true)
#5 /Users/yev/programs/yii/framework/web/CController.php(783): CController->renderPartial('index', NULL, true)
#6 /Users/yev/Sites/test/protected/controllers/SiteController.php(32): CController->render('index')
#7 /Users/yev/programs/yii/framework/web/actions/CInlineAction.php(50): SiteController->actionIndex()
#8 /Users/yev/programs/yii/framework/web/CController.php(309): CInlineAction->runWithParams(Array)
#9 /Users/yev/programs/yii/framework/web/CController.php(287): CController->runAction(Object(CInlineAction))
#10 /Users/yev/programs/yii/framework/web/CController.php(266): CController->runActionWithFilters(Object(CInlineAction), Array)
#11 /Users/yev/programs/yii/framework/web/CWebApplication.php(283): CController->run('')
#12 /Users/yev/programs/yii/framework/web/CWebApplication.php(142): CWebApplication->runController('')
#13 /Users/yev/programs/yii/framework/base/CApplication.php(162): CWebApplication->processRequest()
#14 /Users/yev/Sites/test/index.php(13): CApplication->run()
#15 {main}
REQUEST_URI=/~yev/test/index.php
HTTP_REFERER=http://localhost/~yev/test/index.php?r=site/index
---
2013/01/10 15:36:56 [error] [exception.CHttpException.404] exception 'CHttpException' with message 'The requested page does not exist.' in /Users/yev/Sites/test/protected/controllers/UserController.php:155
Stack trace:
#0 /Users/yev/Sites/test/protected/controllers/UserController.php(55): UserController->loadModel('yev')
#1 [internal function]: UserController->actionView('yev')
#2 /Users/yev/programs/yii/framework/web/actions/CAction.php(107): ReflectionMethod->invokeArgs(Object(UserController), Array)
#3 /Users/yev/programs/yii/framework/web/actions/CInlineAction.php(48): CAction->runWithParamsInternal(Object(UserController), Object(ReflectionMethod), Array)
#4 /Users/yev/programs/yii/framework/web/CController.php(309): CInlineAction->runWithParams(Array)
#5 /Users/yev/programs/yii/framework/web/filters/CFilterChain.php(134): CController->runAction(Object(CInlineAction))
#6 /Users/yev/programs/yii/framework/web/filters/CFilter.php(41): CFilterChain->run()
#7 /Users/yev/programs/yii/framework/web/CController.php(1146): CFilter->filter(Object(CFilterChain))
#8 /Users/yev/programs/yii/framework/web/filters/CInlineFilter.php(59): CController->filterAccessControl(Object(CFilterChain))
#9 /Users/yev/programs/yii/framework/web/filters/CFilterChain.php(131): CInlineFilter->filter(Object(CFilterChain))
#10 /Users/yev/programs/yii/framework/web/CController.php(292): CFilterChain->run()
#11 /Users/yev/programs/yii/framework/web/CController.php(266): CController->runActionWithFilters(Object(CInlineAction), Array)
#12 /Users/yev/programs/yii/framework/web/CWebApplication.php(283): CController->run('view')
#13 /Users/yev/programs/yii/framework/web/CWebApplication.php(142): CWebApplication->runController('user/view')
#14 /Users/yev/programs/yii/framework/base/CApplication.php(162): CWebApplication->processRequest()
#15 /Users/yev/Sites/test/index.php(13): CApplication->run()
#16 {main}
REQUEST_URI=/~yev/test/index.php?r=user/view&id=yev
HTTP_REFERER=http://localhost/~yev/test/index.php
---
2013/01/10 15:37:51 [error] [exception.CHttpException.404] exception 'CHttpException' with message 'The requested page does not exist.' in /Users/yev/Sites/test/protected/controllers/UserController.php:155
Stack trace:
#0 /Users/yev/Sites/test/protected/controllers/UserController.php(55): UserController->loadModel('yev')
#1 [internal function]: UserController->actionView('yev')
#2 /Users/yev/programs/yii/framework/web/actions/CAction.php(107): ReflectionMethod->invokeArgs(Object(UserController), Array)
#3 /Users/yev/programs/yii/framework/web/actions/CInlineAction.php(48): CAction->runWithParamsInternal(Object(UserController), Object(ReflectionMethod), Array)
#4 /Users/yev/programs/yii/framework/web/CController.php(309): CInlineAction->runWithParams(Array)
#5 /Users/yev/programs/yii/framework/web/filters/CFilterChain.php(134): CController->runAction(Object(CInlineAction))
#6 /Users/yev/programs/yii/framework/web/filters/CFilter.php(41): CFilterChain->run()
#7 /Users/yev/programs/yii/framework/web/CController.php(1146): CFilter->filter(Object(CFilterChain))
#8 /Users/yev/programs/yii/framework/web/filters/CInlineFilter.php(59): CController->filterAccessControl(Object(CFilterChain))
#9 /Users/yev/programs/yii/framework/web/filters/CFilterChain.php(131): CInlineFilter->filter(Object(CFilterChain))
#10 /Users/yev/programs/yii/framework/web/CController.php(292): CFilterChain->run()
#11 /Users/yev/programs/yii/framework/web/CController.php(266): CController->runActionWithFilters(Object(CInlineAction), Array)
#12 /Users/yev/programs/yii/framework/web/CWebApplication.php(283): CController->run('view')
#13 /Users/yev/programs/yii/framework/web/CWebApplication.php(142): CWebApplication->runController('user/view')
#14 /Users/yev/programs/yii/framework/base/CApplication.php(162): CWebApplication->processRequest()
#15 /Users/yev/Sites/test/index.php(13): CApplication->run()
#16 {main}
REQUEST_URI=/~yev/test/index.php?r=user/view&id=yev
HTTP_REFERER=http://localhost/~yev/test/index.php
---
2013/01/10 15:38:01 [error] [exception.CHttpException.404] exception 'CHttpException' with message 'The requested page does not exist.' in /Users/yev/Sites/test/protected/controllers/UserController.php:155
Stack trace:
#0 /Users/yev/Sites/test/protected/controllers/UserController.php(55): UserController->loadModel('yev')
#1 [internal function]: UserController->actionView('yev')
#2 /Users/yev/programs/yii/framework/web/actions/CAction.php(107): ReflectionMethod->invokeArgs(Object(UserController), Array)
#3 /Users/yev/programs/yii/framework/web/actions/CInlineAction.php(48): CAction->runWithParamsInternal(Object(UserController), Object(ReflectionMethod), Array)
#4 /Users/yev/programs/yii/framework/web/CController.php(309): CInlineAction->runWithParams(Array)
#5 /Users/yev/programs/yii/framework/web/filters/CFilterChain.php(134): CController->runAction(Object(CInlineAction))
#6 /Users/yev/programs/yii/framework/web/filters/CFilter.php(41): CFilterChain->run()
#7 /Users/yev/programs/yii/framework/web/CController.php(1146): CFilter->filter(Object(CFilterChain))
#8 /Users/yev/programs/yii/framework/web/filters/CInlineFilter.php(59): CController->filterAccessControl(Object(CFilterChain))
#9 /Users/yev/programs/yii/framework/web/filters/CFilterChain.php(131): CInlineFilter->filter(Object(CFilterChain))
#10 /Users/yev/programs/yii/framework/web/CController.php(292): CFilterChain->run()
#11 /Users/yev/programs/yii/framework/web/CController.php(266): CController->runActionWithFilters(Object(CInlineAction), Array)
#12 /Users/yev/programs/yii/framework/web/CWebApplication.php(283): CController->run('view')
#13 /Users/yev/programs/yii/framework/web/CWebApplication.php(142): CWebApplication->runController('user/view')
#14 /Users/yev/programs/yii/framework/base/CApplication.php(162): CWebApplication->processRequest()
#15 /Users/yev/Sites/test/index.php(13): CApplication->run()
#16 {main}
REQUEST_URI=/~yev/test/index.php?r=user/view&id=yev
HTTP_REFERER=http://localhost/~yev/test/index.php?r=site/index
---
2013/01/10 15:38:57 [error] [exception.CHttpException.404] exception 'CHttpException' with message 'The requested page does not exist.' in /Users/yev/Sites/test/protected/controllers/UserController.php:155
Stack trace:
#0 /Users/yev/Sites/test/protected/controllers/UserController.php(55): UserController->loadModel('yev')
#1 [internal function]: UserController->actionView('yev')
#2 /Users/yev/programs/yii/framework/web/actions/CAction.php(107): ReflectionMethod->invokeArgs(Object(UserController), Array)
#3 /Users/yev/programs/yii/framework/web/actions/CInlineAction.php(48): CAction->runWithParamsInternal(Object(UserController), Object(ReflectionMethod), Array)
#4 /Users/yev/programs/yii/framework/web/CController.php(309): CInlineAction->runWithParams(Array)
#5 /Users/yev/programs/yii/framework/web/filters/CFilterChain.php(134): CController->runAction(Object(CInlineAction))
#6 /Users/yev/programs/yii/framework/web/filters/CFilter.php(41): CFilterChain->run()
#7 /Users/yev/programs/yii/framework/web/CController.php(1146): CFilter->filter(Object(CFilterChain))
#8 /Users/yev/programs/yii/framework/web/filters/CInlineFilter.php(59): CController->filterAccessControl(Object(CFilterChain))
#9 /Users/yev/programs/yii/framework/web/filters/CFilterChain.php(131): CInlineFilter->filter(Object(CFilterChain))
#10 /Users/yev/programs/yii/framework/web/CController.php(292): CFilterChain->run()
#11 /Users/yev/programs/yii/framework/web/CController.php(266): CController->runActionWithFilters(Object(CInlineAction), Array)
#12 /Users/yev/programs/yii/framework/web/CWebApplication.php(283): CController->run('view')
#13 /Users/yev/programs/yii/framework/web/CWebApplication.php(142): CWebApplication->runController('user/view')
#14 /Users/yev/programs/yii/framework/base/CApplication.php(162): CWebApplication->processRequest()
#15 /Users/yev/Sites/test/index.php(13): CApplication->run()
#16 {main}
REQUEST_URI=/~yev/test/index.php?r=user/view&id=yev
HTTP_REFERER=http://localhost/~yev/test/index.php?r=site/index
---
2013/01/10 15:41:09 [error] [exception.CHttpException.403] exception 'CHttpException' with message 'У вас недостаточно прав для выполнения указанного действия.' in /Users/yev/programs/yii/framework/web/auth/CAccessControlFilter.php:170
Stack trace:
#0 /Users/yev/programs/yii/framework/web/auth/CAccessControlFilter.php(133): CAccessControlFilter->accessDenied(Object(CWebUser), '?? ?????? ?????...')
#1 /Users/yev/programs/yii/framework/web/filters/CFilter.php(39): CAccessControlFilter->preFilter(Object(CFilterChain))
#2 /Users/yev/programs/yii/framework/web/CController.php(1146): CFilter->filter(Object(CFilterChain))
#3 /Users/yev/programs/yii/framework/web/filters/CInlineFilter.php(59): CController->filterAccessControl(Object(CFilterChain))
#4 /Users/yev/programs/yii/framework/web/filters/CFilterChain.php(131): CInlineFilter->filter(Object(CFilterChain))
#5 /Users/yev/programs/yii/framework/web/CController.php(292): CFilterChain->run()
#6 /Users/yev/programs/yii/framework/web/CController.php(266): CController->runActionWithFilters(Object(CInlineAction), Array)
#7 /Users/yev/programs/yii/framework/web/CWebApplication.php(283): CController->run('admin')
#8 /Users/yev/programs/yii/framework/web/CWebApplication.php(142): CWebApplication->runController('user/admin')
#9 /Users/yev/programs/yii/framework/base/CApplication.php(162): CWebApplication->processRequest()
#10 /Users/yev/Sites/test/index.php(13): CApplication->run()
#11 {main}
REQUEST_URI=/~yev/test/index.php?r=user/admin
HTTP_REFERER=http://localhost/~yev/test/index.php?r=user/index
---
2013/01/10 15:43:16 [error] [exception.CHttpException.400] exception 'CHttpException' with message 'Невозможно определить CSRF.' in /Users/yev/programs/yii/framework/web/CHttpRequest.php:976
Stack trace:
#0 /Users/yev/programs/yii/framework/base/CComponent.php(559): CHttpRequest->validateCsrfToken(Object(CEvent))
#1 /Users/yev/programs/yii/framework/base/CApplication.php(189): CComponent->raiseEvent('onBeginRequest', Object(CEvent))
#2 /Users/yev/programs/yii/framework/base/CApplication.php(161): CApplication->onBeginRequest(Object(CEvent))
#3 /Users/yev/Sites/test/index.php(13): CApplication->run()
#4 {main}
REQUEST_URI=/~yev/test/index.php?r=user/delete&id=1
HTTP_REFERER=http://localhost/~yev/test/index.php?r=user/view&id=1
---
2013/01/10 15:43:26 [error] [exception.CHttpException.400] exception 'CHttpException' with message 'Невозможно определить CSRF.' in /Users/yev/programs/yii/framework/web/CHttpRequest.php:976
Stack trace:
#0 /Users/yev/programs/yii/framework/base/CComponent.php(559): CHttpRequest->validateCsrfToken(Object(CEvent))
#1 /Users/yev/programs/yii/framework/base/CApplication.php(189): CComponent->raiseEvent('onBeginRequest', Object(CEvent))
#2 /Users/yev/programs/yii/framework/base/CApplication.php(161): CApplication->onBeginRequest(Object(CEvent))
#3 /Users/yev/Sites/test/index.php(13): CApplication->run()
#4 {main}
REQUEST_URI=/~yev/test/index.php?r=user/delete&id=2
HTTP_REFERER=http://localhost/~yev/test/index.php?r=user/view&id=2
---
2013/01/10 15:43:31 [error] [exception.CHttpException.403] exception 'CHttpException' with message 'You are not authorized to perform this action.' in /Users/yev/programs/yii/framework/web/auth/CAccessControlFilter.php:170
Stack trace:
#0 /Users/yev/programs/yii/framework/web/auth/CAccessControlFilter.php(133): CAccessControlFilter->accessDenied(Object(CWebUser), 'You are not aut...')
#1 /Users/yev/programs/yii/framework/web/filters/CFilter.php(39): CAccessControlFilter->preFilter(Object(CFilterChain))
#2 /Users/yev/programs/yii/framework/web/CController.php(1146): CFilter->filter(Object(CFilterChain))
#3 /Users/yev/programs/yii/framework/web/filters/CInlineFilter.php(59): CController->filterAccessControl(Object(CFilterChain))
#4 /Users/yev/programs/yii/framework/web/filters/CFilterChain.php(131): CInlineFilter->filter(Object(CFilterChain))
#5 /Users/yev/programs/yii/framework/web/CController.php(292): CFilterChain->run()
#6 /Users/yev/programs/yii/framework/web/CController.php(266): CController->runActionWithFilters(Object(CInlineAction), Array)
#7 /Users/yev/programs/yii/framework/web/CWebApplication.php(283): CController->run('delete')
#8 /Users/yev/programs/yii/framework/web/CWebApplication.php(142): CWebApplication->runController('user/delete')
#9 /Users/yev/programs/yii/framework/base/CApplication.php(162): CWebApplication->processRequest()
#10 /Users/yev/Sites/test/index.php(13): CApplication->run()
#11 {main}
REQUEST_URI=/~yev/test/index.php?r=user/delete&id=2
HTTP_REFERER=http://localhost/~yev/test/index.php?r=user/delete&id=2
---
2013/01/10 15:43:34 [error] [exception.CHttpException.403] exception 'CHttpException' with message 'You are not authorized to perform this action.' in /Users/yev/programs/yii/framework/web/auth/CAccessControlFilter.php:170
Stack trace:
#0 /Users/yev/programs/yii/framework/web/auth/CAccessControlFilter.php(133): CAccessControlFilter->accessDenied(Object(CWebUser), 'You are not aut...')
#1 /Users/yev/programs/yii/framework/web/filters/CFilter.php(39): CAccessControlFilter->preFilter(Object(CFilterChain))
#2 /Users/yev/programs/yii/framework/web/CController.php(1146): CFilter->filter(Object(CFilterChain))
#3 /Users/yev/programs/yii/framework/web/filters/CInlineFilter.php(59): CController->filterAccessControl(Object(CFilterChain))
#4 /Users/yev/programs/yii/framework/web/filters/CFilterChain.php(131): CInlineFilter->filter(Object(CFilterChain))
#5 /Users/yev/programs/yii/framework/web/CController.php(292): CFilterChain->run()
#6 /Users/yev/programs/yii/framework/web/CController.php(266): CController->runActionWithFilters(Object(CInlineAction), Array)
#7 /Users/yev/programs/yii/framework/web/CWebApplication.php(283): CController->run('delete')
#8 /Users/yev/programs/yii/framework/web/CWebApplication.php(142): CWebApplication->runController('user/delete')
#9 /Users/yev/programs/yii/framework/base/CApplication.php(162): CWebApplication->processRequest()
#10 /Users/yev/Sites/test/index.php(13): CApplication->run()
#11 {main}
REQUEST_URI=/~yev/test/index.php?r=user/delete&id=2
HTTP_REFERER=http://localhost/~yev/test/index.php?r=user/delete&id=2
---
2013/01/10 15:43:39 [error] [exception.CHttpException.403] exception 'CHttpException' with message 'You are not authorized to perform this action.' in /Users/yev/programs/yii/framework/web/auth/CAccessControlFilter.php:170
Stack trace:
#0 /Users/yev/programs/yii/framework/web/auth/CAccessControlFilter.php(133): CAccessControlFilter->accessDenied(Object(CWebUser), 'You are not aut...')
#1 /Users/yev/programs/yii/framework/web/filters/CFilter.php(39): CAccessControlFilter->preFilter(Object(CFilterChain))
#2 /Users/yev/programs/yii/framework/web/CController.php(1146): CFilter->filter(Object(CFilterChain))
#3 /Users/yev/programs/yii/framework/web/filters/CInlineFilter.php(59): CController->filterAccessControl(Object(CFilterChain))
#4 /Users/yev/programs/yii/framework/web/filters/CFilterChain.php(131): CInlineFilter->filter(Object(CFilterChain))
#5 /Users/yev/programs/yii/framework/web/CController.php(292): CFilterChain->run()
#6 /Users/yev/programs/yii/framework/web/CController.php(266): CController->runActionWithFilters(Object(CInlineAction), Array)
#7 /Users/yev/programs/yii/framework/web/CWebApplication.php(283): CController->run('admin')
#8 /Users/yev/programs/yii/framework/web/CWebApplication.php(142): CWebApplication->runController('user/admin')
#9 /Users/yev/programs/yii/framework/base/CApplication.php(162): CWebApplication->processRequest()
#10 /Users/yev/Sites/test/index.php(13): CApplication->run()
#11 {main}
REQUEST_URI=/~yev/test/index.php?r=user/admin
HTTP_REFERER=http://localhost/~yev/test/index.php?r=user/index
---
